Enter the path of *-clusters.dat data: 0 0 rb-01r*
file:  rb-01r-20160101174212-clusters.dat
number of candiate clusters  in the images:  2251
file:  rb-01r-20160102174645-clusters.dat
number of candiate clusters  in the images:  2355
file:  rb-01r-20160103173630-clusters.dat
number of candiate clusters  in the images:  3666
file:  rb-01r-20160104173652-clusters.dat
number of candiate clusters  in the images:  2043
file:  rb-01r-20160105173859-clusters.dat
number of candiate clusters  in the images:  3051
file:  rb-01r-20160106174116-clusters.dat
number of candiate clusters  in the images:  4235
file:  rb-01r-20160107175314-clusters.dat
number of candiate clusters  in the images:  2725
file:  rb-01r-20160108175352-clusters.dat
number of candiate clusters  in the images:  2467
file:  rb-01r-20160109180031-clusters.dat
number of candiate clusters  in the images:  2489
file:  rb-01r-20160110191458-clusters.dat
number of candiate clusters  in the images:  1879
file:  rb-01r-20160111175333-clusters.dat
number of candiate clusters  in the images:  2323
file:  rb-01r-20160112175148-clusters.dat
number of candiate clusters  in the images:  1337
file:  rb-01r-20160113174915-clusters.dat
number of candiate clusters  in the images:  3187
file:  rb-01r-20160114174730-clusters.dat
number of candiate clusters  in the images:  1545
file:  rb-01r-20160116181405-clusters.dat
number of candiate clusters  in the images:  5191
file:  rb-01r-20160117174645-clusters.dat
number of candiate clusters  in the images:  1467
file:  rb-01r-20160118180218-clusters.dat
number of candiate clusters  in the images:  1686
file:  rb-01r-20160119175630-clusters.dat
number of candiate clusters  in the images:  1444
file:  rb-01r-20160120184212-clusters.dat
number of candiate clusters  in the images:  2669
file:  rb-01r-20160122174627-clusters.dat
number of candiate clusters  in the images:  1603
file:  rb-01r-20160123175759-clusters.dat
number of candiate clusters  in the images:  1318
file:  rb-01r-20160125175411-clusters.dat
number of candiate clusters  in the images:  1793
file:  rb-01r-20160126182911-clusters.dat
number of candiate clusters  in the images:  2046
file:  rb-01r-20160127175258-clusters.dat
number of candiate clusters  in the images:  1973
file:  rb-01r-20160128180927-clusters.dat
number of candiate clusters  in the images:  1916
file:  rb-01r-20160129180241-clusters.dat
number of candiate clusters  in the images:  1951
file:  rb-01r-20160130174355-clusters.dat
number of candiate clusters  in the images:  1675
file:  rb-01r-20160131175727-clusters.dat
number of candiate clusters  in the images:  3442
file:  rb-01r-20160201180214-clusters.dat
number of candiate clusters  in the images:  2612
file:  rb-01r-20160202175058-clusters.dat
number of candiate clusters  in the images:  2119
file:  rb-01r-20160203180051-clusters.dat
number of candiate clusters  in the images:  2633
file:  rb-01r-20160204175801-clusters.dat
number of candiate clusters  in the images:  1568
file:  rb-01r-20160205175025-clusters.dat
number of candiate clusters  in the images:  2954
file:  rb-01r-20160206175231-clusters.dat
number of candiate clusters  in the images:  2227
file:  rb-01r-20160207174455-clusters.dat
number of candiate clusters  in the images:  2115
file:  rb-01r-20160208174512-clusters.dat
number of candiate clusters  in the images:  2276
file:  rb-01r-20160209174529-clusters.dat
number of candiate clusters  in the images:  3587
file:  rb-01r-20160210175847-clusters.dat
number of candiate clusters  in the images:  2086
file:  rb-01r-20160214181251-clusters.dat
number of candiate clusters  in the images:  2004
file:  rb-01r-20160215183743-clusters.dat
number of candiate clusters  in the images:  2022
file:  rb-01r-20160216181422-clusters.dat
number of candiate clusters  in the images:  2012
file:  rb-01r-20160217180206-clusters.dat
number of candiate clusters  in the images:  2075
file:  rb-01r-20160218180436-clusters.dat
number of candiate clusters  in the images:  3603
file:  rb-01r-20160219182310-clusters.dat
number of candiate clusters  in the images:  4041
file:  rb-01r-20160220183303-clusters.dat
number of candiate clusters  in the images:  3548
file:  rb-01r-20160221184408-clusters.dat
number of candiate clusters  in the images:  1691
file:  rb-01r-20160222182216-clusters.dat
number of candiate clusters  in the images:  2057
file:  rb-01r-20160223190205-clusters.dat
number of candiate clusters  in the images:  3071
file:  rb-01r-20160224181748-clusters.dat
number of candiate clusters  in the images:  3469
file:  rb-01r-20160225184733-clusters.dat
number of candiate clusters  in the images:  2024
file:  rb-01r-20160226184128-clusters.dat
number of candiate clusters  in the images:  1540
file:  rb-01r-20160228203254-clusters.dat
number of candiate clusters  in the images:  2089
file:  rb-01r-20160229235749-clusters.dat
number of candiate clusters  in the images:  3103
file:  rb-01r-20160301182228-clusters.dat
number of candiate clusters  in the images:  6775
file:  rb-01r-20160302182543-clusters.dat
number of candiate clusters  in the images:  3088
file:  rb-01r-20160303183054-clusters.dat
number of candiate clusters  in the images:  2844
file:  rb-01r-20160305182805-clusters.dat
number of candiate clusters  in the images:  1909
file:  rb-01r-20160306222421-clusters.dat
number of candiate clusters  in the images:  2834
file:  rb-01r-20160307183635-clusters.dat
number of candiate clusters  in the images:  2965
file:  rb-01r-20160308184109-clusters.dat
number of candiate clusters  in the images:  1799
file:  rb-01r-20160309185429-clusters.dat
number of candiate clusters  in the images:  1657
file:  rb-01r-20160310184604-clusters.dat
number of candiate clusters  in the images:  3607
file:  rb-01r-20160311184019-clusters.dat
number of candiate clusters  in the images:  1486
file:  rb-01r-20160312184012-clusters.dat
number of candiate clusters  in the images:  2086
file:  rb-01r-20160314192812-clusters.dat
number of candiate clusters  in the images:  1980
file:  rb-01r-20160315184648-clusters.dat
number of candiate clusters  in the images:  2015
file:  rb-01r-20160316192821-clusters.dat
number of candiate clusters  in the images:  3412
file:  rb-01r-20160317184908-clusters.dat
number of candiate clusters  in the images:  3455
file:  rb-01r-20160318184352-clusters.dat
number of candiate clusters  in the images:  2823
file:  rb-01r-20160320021253-clusters.dat
number of candiate clusters  in the images:  2144
file:  rb-01r-20160320184455-clusters.dat
number of candiate clusters  in the images:  1559
file:  rb-01r-20160321184837-clusters.dat
number of candiate clusters  in the images:  3337
file:  rb-01r-20160322184700-clusters.dat
number of candiate clusters  in the images:  1713
file:  rb-01r-20160323183930-clusters.dat
number of candiate clusters  in the images:  2172
file:  rb-01r-20160324184203-clusters.dat
number of candiate clusters  in the images:  2071
file:  rb-01r-20160325190027-clusters.dat
number of candiate clusters  in the images:  2085
file:  rb-01r-20160326185540-clusters.dat
number of candiate clusters  in the images:  4067
file:  rb-01r-20160327184932-clusters.dat
number of candiate clusters  in the images:  1865
file:  rb-01r-20160328185647-clusters.dat
number of candiate clusters  in the images:  2307
file:  rb-01r-20160329184759-clusters.dat
number of candiate clusters  in the images:  3370
file:  rb-01r-20160330215056-clusters.dat
number of candiate clusters  in the images:  3659
file:  rb-01r-20160331185216-clusters.dat
number of candiate clusters  in the images:  1662
file:  rb-01r-20160403190246-clusters.dat
number of candiate clusters  in the images:  2764
file:  rb-01r-20160404193803-clusters.dat
number of candiate clusters  in the images:  2709
file:  rb-01r-20160407190318-clusters.dat
number of candiate clusters  in the images:  2843
file:  rb-01r-20160408192624-clusters.dat
number of candiate clusters  in the images:  1618
file:  rb-01r-20160409192415-clusters.dat
number of candiate clusters  in the images:  2686
file:  rb-01r-20160412190747-clusters.dat
number of candiate clusters  in the images:  1761
file:  rb-01r-20160413190257-clusters.dat
number of candiate clusters  in the images:  1782
file:  rb-01r-20160414191357-clusters.dat
number of candiate clusters  in the images:  3689
file:  rb-01r-20160417191612-clusters.dat
number of candiate clusters  in the images:  4339
file:  rb-01r-20160418191457-clusters.dat
number of candiate clusters  in the images:  4078
file:  rb-01r-20160420192417-clusters.dat
number of candiate clusters  in the images:  1853
file:  rb-01r-20160421194731-clusters.dat
number of candiate clusters  in the images:  5455
file:  rb-01r-20160422194322-clusters.dat
number of candiate clusters  in the images:  3685
file:  rb-01r-20160423193115-clusters.dat
number of candiate clusters  in the images:  2545
file:  rb-01r-20160424192013-clusters.dat
number of candiate clusters  in the images:  4037
file:  rb-01r-20160503211846-clusters.dat
number of candiate clusters  in the images:  1373
file:  rb-01r-20160506194022-clusters.dat
number of candiate clusters  in the images:  4124
file:  rb-01r-20160507194854-clusters.dat
number of candiate clusters  in the images:  3572
file:  rb-01r-20160510012408-clusters.dat
number of candiate clusters  in the images:  1760
file:  rb-01r-20160510224739-clusters.dat
number of candiate clusters  in the images:  3036
file:  rb-01r-20160512194013-clusters.dat
number of candiate clusters  in the images:  2676
file:  rb-01r-20160515193533-clusters.dat
number of candiate clusters  in the images:  1717
file:  rb-01r-20160517212105-clusters.dat
number of candiate clusters  in the images:  3513
file:  rb-01r-20160518200113-clusters.dat
number of candiate clusters  in the images:  2235
file:  rb-01r-20160519194247-clusters.dat
number of candiate clusters  in the images:  2442
file:  rb-01r-20160520194419-clusters.dat
number of candiate clusters  in the images:  2139
file:  rb-01r-20160521194607-clusters.dat
number of candiate clusters  in the images:  2033
file:  rb-01r-20160525191206-clusters.dat
number of candiate clusters  in the images:  1987
file:  rb-01r-20160526195813-clusters.dat
number of candiate clusters  in the images:  2287
file:  rb-01r-20160527235626-clusters.dat
number of candiate clusters  in the images:  1996
file:  rb-01r-20160528202430-clusters.dat
number of candiate clusters  in the images:  2962
file:  rb-01r-20160529195406-clusters.dat
number of candiate clusters  in the images:  1386
file:  rb-01r-20160601202630-clusters.dat
number of candiate clusters  in the images:  4737
file:  rb-01r-20160602211847-clusters.dat
number of candiate clusters  in the images:  4590
file:  rb-01r-20160830194151-clusters.dat
number of candiate clusters  in the images:  2389
file:  rb-01r-20160903194318-clusters.dat
number of candiate clusters  in the images:  2516
file:  rb-01r-20160905191305-clusters.dat
number of candiate clusters  in the images:  1761
file:  rb-01r-20160908230615-clusters.dat
number of candiate clusters  in the images:  3040
file:  rb-01r-20160909191521-clusters.dat
number of candiate clusters  in the images:  3768
file:  rb-01r-20160918190949-clusters.dat
number of candiate clusters  in the images:  1877
file:  rb-01r-20160919191833-clusters.dat
number of candiate clusters  in the images:  1931
file:  rb-01r-20160920182744-clusters.dat
number of candiate clusters  in the images:  2259
file:  rb-01r-20160927184517-clusters.dat
number of candiate clusters  in the images:  1354
file:  rb-01r-20160928182710-clusters.dat
number of candiate clusters  in the images:  2224
file:  rb-01r-20160930182230-clusters.dat
number of candiate clusters  in the images:  1221
file:  rb-01r-20161001182933-clusters.dat
number of candiate clusters  in the images:  1390
file:  rb-01r-20161003181204-clusters.dat
number of candiate clusters  in the images:  1616
file:  rb-01r-20161008001438-clusters.dat
number of candiate clusters  in the images:  1274
file:  rb-01r-20161013182310-clusters.dat
number of candiate clusters  in the images:  1554
file:  rb-01r-20161017232131-clusters.dat
number of candiate clusters  in the images:  1951
file:  rb-01r-20161018182931-clusters.dat
number of candiate clusters  in the images:  1804
file:  rb-01r-20161019181308-clusters.dat
number of candiate clusters  in the images:  1922
file:  rb-01r-20161023175141-clusters.dat
number of candiate clusters  in the images:  1604
file:  rb-01r-20161024222510-clusters.dat
number of candiate clusters  in the images:  1684
file:  rb-01r-20161025180700-clusters.dat
number of candiate clusters  in the images:  2175
file:  rb-01r-20161026175235-clusters.dat
number of candiate clusters  in the images:  1523
file:  rb-01r-20161028175743-clusters.dat
number of candiate clusters  in the images:  3082
file:  rb-01r-20161029175058-clusters.dat
number of candiate clusters  in the images:  1613
file:  rb-01r-20161030174936-clusters.dat
number of candiate clusters  in the images:  1543
file:  rb-01r-20161031175704-clusters.dat
number of candiate clusters  in the images:  1641
file:  rb-01r-20161101175222-clusters.dat
number of candiate clusters  in the images:  1516
file:  rb-01r-20161102174926-clusters.dat
number of candiate clusters  in the images:  2309
file:  rb-01r-20161103175048-clusters.dat
number of candiate clusters  in the images:  1660
file:  rb-01r-20161104180237-clusters.dat
number of candiate clusters  in the images:  1942
file:  rb-01r-20161105174435-clusters.dat
number of candiate clusters  in the images:  2104
file:  rb-01r-20161107174434-clusters.dat
number of candiate clusters  in the images:  1819
file:  rb-01r-20161108172359-clusters.dat
number of candiate clusters  in the images:  2183
file:  rb-01r-20161110194709-clusters.dat
number of candiate clusters  in the images:  1496
file:  rb-01r-20161112175016-clusters.dat
number of candiate clusters  in the images:  2147
file:  rb-01r-20161114002007-clusters.dat
number of candiate clusters  in the images:  1510
file:  rb-01r-20161114174818-clusters.dat
number of candiate clusters  in the images:  2115
file:  rb-01r-20161116173857-clusters.dat
number of candiate clusters  in the images:  5168
file:  rb-01r-20161118182155-clusters.dat
number of candiate clusters  in the images:  3192
file:  rb-01r-20161119171914-clusters.dat
number of candiate clusters  in the images:  4272
file:  rb-01r-20161122172455-clusters.dat
number of candiate clusters  in the images:  1984
file:  rb-01r-20161123173946-clusters.dat
number of candiate clusters  in the images:  2370
file:  rb-01r-20161124180915-clusters.dat
number of candiate clusters  in the images:  3417
file:  rb-01r-20161125175532-clusters.dat
number of candiate clusters  in the images:  3813
file:  rb-01r-20161126175336-clusters.dat
number of candiate clusters  in the images:  2665
file:  rb-01r-20161127174934-clusters.dat
number of candiate clusters  in the images:  2626
file:  rb-01r-20161128174547-clusters.dat
number of candiate clusters  in the images:  1899
file:  rb-01r-20161130173616-clusters.dat
number of candiate clusters  in the images:  3802
file:  rb-01r-20161201173720-clusters.dat
number of candiate clusters  in the images:  2091
file:  rb-01r-20161202173331-clusters.dat
number of candiate clusters  in the images:  1881
file:  rb-01r-20161203173930-clusters.dat
number of candiate clusters  in the images:  4204
file:  rb-01r-20161204174703-clusters.dat
number of candiate clusters  in the images:  2201
file:  rb-01r-20161205173849-clusters.dat
number of candiate clusters  in the images:  1940
file:  rb-01r-20161206173741-clusters.dat
number of candiate clusters  in the images:  3587
file:  rb-01r-20161207173732-clusters.dat
number of candiate clusters  in the images:  1793
file:  rb-01r-20161208174715-clusters.dat
number of candiate clusters  in the images:  1946
file:  rb-01r-20161209174118-clusters.dat
number of candiate clusters  in the images:  4459
file:  rb-01r-20161210174202-clusters.dat
number of candiate clusters  in the images:  6535
file:  rb-01r-20161213174043-clusters.dat
number of candiate clusters  in the images:  2879
file:  rb-01r-20161214173726-clusters.dat
number of candiate clusters  in the images:  3365
file:  rb-01r-20161215173939-clusters.dat
number of candiate clusters  in the images:  3008
file:  rb-01r-20161216173552-clusters.dat
number of candiate clusters  in the images:  3892
file:  rb-01r-20161217175518-clusters.dat
number of candiate clusters  in the images:  2192
file:  rb-01r-20161218173450-clusters.dat
number of candiate clusters  in the images:  4681
file:  rb-01r-20161219173151-clusters.dat
number of candiate clusters  in the images:  2667
file:  rb-01r-20161220182638-clusters.dat
number of candiate clusters  in the images:  2725
file:  rb-01r-20161221181435-clusters.dat
number of candiate clusters  in the images:  3891
file:  rb-01r-20161222174238-clusters.dat
number of candiate clusters  in the images:  7612
file:  rb-01r-20161223175041-clusters.dat
number of candiate clusters  in the images:  5568
file:  rb-01r-20161225174945-clusters.dat
number of candiate clusters  in the images:  6419
file:  rb-01r-20161226175333-clusters.dat
number of candiate clusters  in the images:  5620
file:  rb-01r-20161227173551-clusters.dat
number of candiate clusters  in the images:  3057
file:  rb-01r-20161228173757-clusters.dat
number of candiate clusters  in the images:  4108
file:  rb-01r-20161229174104-clusters.dat
number of candiate clusters  in the images:  1960
file:  rb-01r-20161230173520-clusters.dat
number of candiate clusters  in the images:  3630
file:  rb-01r-20161231175119-clusters.dat
number of candiate clusters  in the images:  3444
1 0 rb-01b*
file:  rb-01b-20160101174212-clusters.dat
number of candiate clusters  in the images:  24888
file:  rb-01b-20160102174645-clusters.dat
number of candiate clusters  in the images:  19237
file:  rb-01b-20160103173630-clusters.dat
number of candiate clusters  in the images:  23516
file:  rb-01b-20160104173652-clusters.dat
number of candiate clusters  in the images:  12162
file:  rb-01b-20160105173859-clusters.dat
number of candiate clusters  in the images:  8659
file:  rb-01b-20160106174116-clusters.dat
number of candiate clusters  in the images:  14742
file:  rb-01b-20160107175314-clusters.dat
number of candiate clusters  in the images:  13305
file:  rb-01b-20160108175352-clusters.dat
number of candiate clusters  in the images:  16567
file:  rb-01b-20160109180031-clusters.dat
number of candiate clusters  in the images:  10304
file:  rb-01b-20160110191458-clusters.dat
number of candiate clusters  in the images:  14167
file:  rb-01b-20160111175333-clusters.dat
number of candiate clusters  in the images:  10690
file:  rb-01b-20160112175148-clusters.dat
number of candiate clusters  in the images:  12552
file:  rb-01b-20160113174915-clusters.dat
number of candiate clusters  in the images:  13497
file:  rb-01b-20160114174730-clusters.dat
number of candiate clusters  in the images:  15656
file:  rb-01b-20160116181405-clusters.dat
number of candiate clusters  in the images:  10217
file:  rb-01b-20160117174645-clusters.dat
number of candiate clusters  in the images:  9462
file:  rb-01b-20160118180218-clusters.dat
number of candiate clusters  in the images:  16637
file:  rb-01b-20160119175630-clusters.dat
number of candiate clusters  in the images:  23218
file:  rb-01b-20160120184212-clusters.dat
number of candiate clusters  in the images:  17834
file:  rb-01b-20160122174627-clusters.dat
number of candiate clusters  in the images:  10766
file:  rb-01b-20160123175759-clusters.dat
number of candiate clusters  in the images:  12876
file:  rb-01b-20160125175411-clusters.dat
number of candiate clusters  in the images:  10794
file:  rb-01b-20160126182911-clusters.dat
number of candiate clusters  in the images:  18756
file:  rb-01b-20160127175258-clusters.dat
number of candiate clusters  in the images:  5670
file:  rb-01b-20160128180927-clusters.dat
number of candiate clusters  in the images:  7265
file:  rb-01b-20160129180241-clusters.dat
number of candiate clusters  in the images:  13042
file:  rb-01b-20160130174355-clusters.dat
number of candiate clusters  in the images:  10758
file:  rb-01b-20160131175727-clusters.dat
number of candiate clusters  in the images:  19562
file:  rb-01b-20160201180214-clusters.dat
number of candiate clusters  in the images:  13524
file:  rb-01b-20160202175058-clusters.dat
number of candiate clusters  in the images:  7704
file:  rb-01b-20160203180051-clusters.dat
number of candiate clusters  in the images:  6869
file:  rb-01b-20160204175801-clusters.dat
number of candiate clusters  in the images:  14819
file:  rb-01b-20160205175025-clusters.dat
number of candiate clusters  in the images:  13886
file:  rb-01b-20160206175231-clusters.dat
number of candiate clusters  in the images:  23150
file:  rb-01b-20160207174455-clusters.dat
number of candiate clusters  in the images:  13874
file:  rb-01b-20160208174512-clusters.dat
number of candiate clusters  in the images:  11532
file:  rb-01b-20160209174529-clusters.dat
number of candiate clusters  in the images:  11658
file:  rb-01b-20160210175847-clusters.dat
number of candiate clusters  in the images:  22122
file:  rb-01b-20160214181251-clusters.dat
number of candiate clusters  in the images:  17468
file:  rb-01b-20160215183743-clusters.dat
number of candiate clusters  in the images:  15899
file:  rb-01b-20160216181422-clusters.dat
number of candiate clusters  in the images:  19142
file:  rb-01b-20160217180206-clusters.dat
number of candiate clusters  in the images:  9334
file:  rb-01b-20160218180436-clusters.dat
number of candiate clusters  in the images:  11386
file:  rb-01b-20160219182310-clusters.dat
number of candiate clusters  in the images:  22008
file:  rb-01b-20160220183303-clusters.dat
number of candiate clusters  in the images:  12600
file:  rb-01b-20160221184408-clusters.dat
number of candiate clusters  in the images:  8747
file:  rb-01b-20160222182216-clusters.dat
number of candiate clusters  in the images:  14133
file:  rb-01b-20160223190205-clusters.dat
number of candiate clusters  in the images:  11429
file:  rb-01b-20160224181748-clusters.dat
number of candiate clusters  in the images:  21015
file:  rb-01b-20160225184733-clusters.dat
number of candiate clusters  in the images:  12371
file:  rb-01b-20160226184128-clusters.dat
number of candiate clusters  in the images:  18851
file:  rb-01b-20160228203254-clusters.dat
number of candiate clusters  in the images:  15295
file:  rb-01b-20160229235749-clusters.dat
number of candiate clusters  in the images:  12034
file:  rb-01b-20160301182228-clusters.dat
number of candiate clusters  in the images:  11529
file:  rb-01b-20160302182543-clusters.dat
number of candiate clusters  in the images:  19452
file:  rb-01b-20160303183054-clusters.dat
number of candiate clusters  in the images:  22115
file:  rb-01b-20160305182805-clusters.dat
number of candiate clusters  in the images:  12590
file:  rb-01b-20160306222421-clusters.dat
number of candiate clusters  in the images:  26179
file:  rb-01b-20160307183635-clusters.dat
number of candiate clusters  in the images:  8461
file:  rb-01b-20160308184109-clusters.dat
number of candiate clusters  in the images:  26729
file:  rb-01b-20160309185429-clusters.dat
number of candiate clusters  in the images:  18228
file:  rb-01b-20160310184604-clusters.dat
number of candiate clusters  in the images:  20853
file:  rb-01b-20160311184019-clusters.dat
number of candiate clusters  in the images:  10533
file:  rb-01b-20160312184012-clusters.dat
number of candiate clusters  in the images:  11261
file:  rb-01b-20160313183947-clusters.dat
number of candiate clusters  in the images:  18018
file:  rb-01b-20160314192812-clusters.dat
number of candiate clusters  in the images:  8600
file:  rb-01b-20160315184648-clusters.dat
number of candiate clusters  in the images:  13282
file:  rb-01b-20160316192821-clusters.dat
number of candiate clusters  in the images:  30072
file:  rb-01b-20160317184908-clusters.dat
number of candiate clusters  in the images:  13617
file:  rb-01b-20160318184352-clusters.dat
number of candiate clusters  in the images:  16136
file:  rb-01b-20160320021253-clusters.dat
number of candiate clusters  in the images:  7380
file:  rb-01b-20160320184455-clusters.dat
number of candiate clusters  in the images:  14769
file:  rb-01b-20160321184837-clusters.dat
number of candiate clusters  in the images:  18655
file:  rb-01b-20160322184700-clusters.dat
number of candiate clusters  in the images:  18117
file:  rb-01b-20160323183930-clusters.dat
number of candiate clusters  in the images:  28968
file:  rb-01b-20160324184203-clusters.dat
number of candiate clusters  in the images:  13072
file:  rb-01b-20160325190027-clusters.dat
number of candiate clusters  in the images:  16795
file:  rb-01b-20160326185540-clusters.dat
number of candiate clusters  in the images:  13416
file:  rb-01b-20160327184932-clusters.dat
number of candiate clusters  in the images:  21460
file:  rb-01b-20160328185647-clusters.dat
number of candiate clusters  in the images:  13558
file:  rb-01b-20160329184759-clusters.dat
number of candiate clusters  in the images:  12406
file:  rb-01b-20160330215056-clusters.dat
number of candiate clusters  in the images:  15736
file:  rb-01b-20160331185216-clusters.dat
number of candiate clusters  in the images:  18703
file:  rb-01b-20160403190246-clusters.dat
number of candiate clusters  in the images:  6468
file:  rb-01b-20160404193803-clusters.dat
number of candiate clusters  in the images:  15359
file:  rb-01b-20160407190318-clusters.dat
number of candiate clusters  in the images:  12052
file:  rb-01b-20160408192624-clusters.dat
number of candiate clusters  in the images:  24198
file:  rb-01b-20160409192415-clusters.dat
number of candiate clusters  in the images:  29889
file:  rb-01b-20160412190747-clusters.dat
number of candiate clusters  in the images:  21882
file:  rb-01b-20160413190257-clusters.dat
number of candiate clusters  in the images:  22309
file:  rb-01b-20160414191357-clusters.dat
number of candiate clusters  in the images:  25052
file:  rb-01b-20160417191612-clusters.dat
number of candiate clusters  in the images:  15661
file:  rb-01b-20160418191457-clusters.dat
number of candiate clusters  in the images:  10945
file:  rb-01b-20160420192417-clusters.dat
number of candiate clusters  in the images:  24410
file:  rb-01b-20160421194731-clusters.dat
number of candiate clusters  in the images:  25989
file:  rb-01b-20160422194322-clusters.dat
number of candiate clusters  in the images:  16856
file:  rb-01b-20160423193115-clusters.dat
number of candiate clusters  in the images:  21622
file:  rb-01b-20160424192013-clusters.dat
number of candiate clusters  in the images:  21110
file:  rb-01b-20160503211846-clusters.dat
number of candiate clusters  in the images:  15839
file:  rb-01b-20160506194022-clusters.dat
number of candiate clusters  in the images:  24251
file:  rb-01b-20160507194854-clusters.dat
number of candiate clusters  in the images:  13231
file:  rb-01b-20160510012408-clusters.dat
number of candiate clusters  in the images:  15408
file:  rb-01b-20160510224739-clusters.dat
number of candiate clusters  in the images:  25560
file:  rb-01b-20160512194013-clusters.dat
number of candiate clusters  in the images:  27903
file:  rb-01b-20160515193533-clusters.dat
number of candiate clusters  in the images:  21358
file:  rb-01b-20160517212105-clusters.dat
number of candiate clusters  in the images:  29314
file:  rb-01b-20160518200113-clusters.dat
number of candiate clusters  in the images:  35011
file:  rb-01b-20160519194247-clusters.dat
number of candiate clusters  in the images:  25955
file:  rb-01b-20160520194419-clusters.dat
number of candiate clusters  in the images:  28985
file:  rb-01b-20160521194607-clusters.dat
number of candiate clusters  in the images:  17375
file:  rb-01b-20160525191206-clusters.dat
number of candiate clusters  in the images:  9829
file:  rb-01b-20160526195813-clusters.dat
number of candiate clusters  in the images:  18855
file:  rb-01b-20160527235626-clusters.dat
number of candiate clusters  in the images:  12712
file:  rb-01b-20160528202430-clusters.dat
number of candiate clusters  in the images:  16643
file:  rb-01b-20160529195406-clusters.dat
number of candiate clusters  in the images:  17616
file:  rb-01b-20160601202630-clusters.dat
number of candiate clusters  in the images:  17654
file:  rb-01b-20160602211847-clusters.dat
number of candiate clusters  in the images:  37482
file:  rb-01b-20160830194151-clusters.dat
number of candiate clusters  in the images:  34684
file:  rb-01b-20160903194318-clusters.dat
number of candiate clusters  in the images:  32549
file:  rb-01b-20160905191305-clusters.dat
number of candiate clusters  in the images:  27426
file:  rb-01b-20160908230615-clusters.dat
number of candiate clusters  in the images:  19089
file:  rb-01b-20160909191521-clusters.dat
number of candiate clusters  in the images:  31522
file:  rb-01b-20160918190949-clusters.dat
number of candiate clusters  in the images:  18291
file:  rb-01b-20160919191833-clusters.dat
number of candiate clusters  in the images:  30066
file:  rb-01b-20160920182744-clusters.dat
number of candiate clusters  in the images:  20484
file:  rb-01b-20160927184517-clusters.dat
number of candiate clusters  in the images:  20813
file:  rb-01b-20160928182710-clusters.dat
number of candiate clusters  in the images:  15957
file:  rb-01b-20160930182230-clusters.dat
number of candiate clusters  in the images:  38094
file:  rb-01b-20161001182933-clusters.dat
number of candiate clusters  in the images:  25380
file:  rb-01b-20161003181204-clusters.dat
number of candiate clusters  in the images:  18465
file:  rb-01b-20161008001438-clusters.dat
number of candiate clusters  in the images:  17463
file:  rb-01b-20161013182310-clusters.dat
number of candiate clusters  in the images:  18137
file:  rb-01b-20161017232131-clusters.dat
number of candiate clusters  in the images:  23422
file:  rb-01b-20161018182931-clusters.dat
number of candiate clusters  in the images:  45835
file:  rb-01b-20161019181308-clusters.dat
number of candiate clusters  in the images:  16715
file:  rb-01b-20161023175141-clusters.dat
number of candiate clusters  in the images:  23666
file:  rb-01b-20161024222510-clusters.dat
number of candiate clusters  in the images:  18220
file:  rb-01b-20161025180700-clusters.dat
number of candiate clusters  in the images:  17034
file:  rb-01b-20161026175235-clusters.dat
number of candiate clusters  in the images:  36927
file:  rb-01b-20161028175743-clusters.dat
number of candiate clusters  in the images:  40654
file:  rb-01b-20161029175058-clusters.dat
number of candiate clusters  in the images:  18180
file:  rb-01b-20161030174936-clusters.dat
number of candiate clusters  in the images:  29575
file:  rb-01b-20161031175704-clusters.dat
number of candiate clusters  in the images:  11487
file:  rb-01b-20161101175222-clusters.dat
number of candiate clusters  in the images:  18727
file:  rb-01b-20161102174926-clusters.dat
number of candiate clusters  in the images:  18725
file:  rb-01b-20161103175048-clusters.dat
number of candiate clusters  in the images:  18312
file:  rb-01b-20161104180237-clusters.dat
number of candiate clusters  in the images:  23089
file:  rb-01b-20161105174435-clusters.dat
number of candiate clusters  in the images:  13041
file:  rb-01b-20161107174434-clusters.dat
number of candiate clusters  in the images:  24043
file:  rb-01b-20161108172359-clusters.dat
number of candiate clusters  in the images:  19965
file:  rb-01b-20161110194709-clusters.dat
number of candiate clusters  in the images:  23272
file:  rb-01b-20161112175016-clusters.dat
number of candiate clusters  in the images:  19678
file:  rb-01b-20161114002007-clusters.dat
number of candiate clusters  in the images:  34092
file:  rb-01b-20161114174818-clusters.dat
number of candiate clusters  in the images:  31645
file:  rb-01b-20161116173857-clusters.dat
number of candiate clusters  in the images:  18889
file:  rb-01b-20161118182155-clusters.dat
number of candiate clusters  in the images:  21800
file:  rb-01b-20161119171914-clusters.dat
number of candiate clusters  in the images:  24268
file:  rb-01b-20161122172455-clusters.dat
number of candiate clusters  in the images:  26341
file:  rb-01b-20161123173946-clusters.dat
number of candiate clusters  in the images:  18642
file:  rb-01b-20161124180915-clusters.dat
number of candiate clusters  in the images:  13896
file:  rb-01b-20161125175532-clusters.dat
number of candiate clusters  in the images:  17612
file:  rb-01b-20161126175336-clusters.dat
number of candiate clusters  in the images:  9105
file:  rb-01b-20161127174934-clusters.dat
number of candiate clusters  in the images:  17158
file:  rb-01b-20161128174547-clusters.dat
number of candiate clusters  in the images:  19411
file:  rb-01b-20161130173616-clusters.dat
number of candiate clusters  in the images:  14521
file:  rb-01b-20161201173720-clusters.dat
number of candiate clusters  in the images:  15829
file:  rb-01b-20161202173331-clusters.dat
number of candiate clusters  in the images:  15453
file:  rb-01b-20161203173930-clusters.dat
number of candiate clusters  in the images:  20320
file:  rb-01b-20161204174703-clusters.dat
number of candiate clusters  in the images:  13354
file:  rb-01b-20161205173849-clusters.dat
number of candiate clusters  in the images:  32360
file:  rb-01b-20161206173741-clusters.dat
number of candiate clusters  in the images:  25555
file:  rb-01b-20161207173732-clusters.dat
number of candiate clusters  in the images:  27901
file:  rb-01b-20161208174715-clusters.dat
number of candiate clusters  in the images:  16782
file:  rb-01b-20161209174118-clusters.dat
number of candiate clusters  in the images:  21078
file:  rb-01b-20161210174202-clusters.dat
number of candiate clusters  in the images:  28695
file:  rb-01b-20161213174043-clusters.dat
number of candiate clusters  in the images:  32107
file:  rb-01b-20161214173726-clusters.dat
number of candiate clusters  in the images:  10606
file:  rb-01b-20161215173939-clusters.dat
number of candiate clusters  in the images:  40750
file:  rb-01b-20161216173552-clusters.dat
number of candiate clusters  in the images:  35766
file:  rb-01b-20161217175518-clusters.dat
number of candiate clusters  in the images:  38857
file:  rb-01b-20161218173450-clusters.dat
number of candiate clusters  in the images:  18596
file:  rb-01b-20161219173151-clusters.dat
number of candiate clusters  in the images:  25907
file:  rb-01b-20161220182638-clusters.dat
number of candiate clusters  in the images:  28400
file:  rb-01b-20161221181435-clusters.dat
number of candiate clusters  in the images:  29165
file:  rb-01b-20161222174238-clusters.dat
number of candiate clusters  in the images:  11955
file:  rb-01b-20161223175041-clusters.dat
number of candiate clusters  in the images:  33892
file:  rb-01b-20161225174945-clusters.dat
number of candiate clusters  in the images:  18897
file:  rb-01b-20161226175333-clusters.dat
number of candiate clusters  in the images:  15018
file:  rb-01b-20161227173551-clusters.dat
number of candiate clusters  in the images:  20847
file:  rb-01b-20161228173757-clusters.dat
number of candiate clusters  in the images:  38877
file:  rb-01b-20161229174104-clusters.dat
number of candiate clusters  in the images:  35816
file:  rb-01b-20161230173520-clusters.dat
number of candiate clusters  in the images:  9442
file:  rb-01b-20161231175119-clusters.dat
number of candiate clusters  in the images:  35218
0 1 rb-02r*
file:  rb-02r-20160101174212-clusters.dat
number of candiate clusters  in the images:  99594
file:  rb-02r-20160102174645-clusters.dat
number of candiate clusters  in the images:  116061
file:  rb-02r-20160103173630-clusters.dat
number of candiate clusters  in the images:  131490
file:  rb-02r-20160104173652-clusters.dat
number of candiate clusters  in the images:  135020
file:  rb-02r-20160105173859-clusters.dat
number of candiate clusters  in the images:  98269
file:  rb-02r-20160106174116-clusters.dat
number of candiate clusters  in the images:  80380
file:  rb-02r-20160107175314-clusters.dat
number of candiate clusters  in the images:  28801
file:  rb-02r-20160108175352-clusters.dat
number of candiate clusters  in the images:  40624
file:  rb-02r-20160109180031-clusters.dat
number of candiate clusters  in the images:  35727
file:  rb-02r-20160110191458-clusters.dat
number of candiate clusters  in the images:  16881
file:  rb-02r-20160111175333-clusters.dat
number of candiate clusters  in the images:  29427
file:  rb-02r-20160112175148-clusters.dat
number of candiate clusters  in the images:  21051
file:  rb-02r-20160113174915-clusters.dat
number of candiate clusters  in the images:  25445
file:  rb-02r-20160114174730-clusters.dat
number of candiate clusters  in the images:  22977
file:  rb-02r-20160117174645-clusters.dat
number of candiate clusters  in the images:  17560
file:  rb-02r-20160118180218-clusters.dat
number of candiate clusters  in the images:  19475
file:  rb-02r-20160119175630-clusters.dat
number of candiate clusters  in the images:  29215
file:  rb-02r-20160120184212-clusters.dat
number of candiate clusters  in the images:  32412
file:  rb-02r-20160123175759-clusters.dat
number of candiate clusters  in the images:  13896
file:  rb-02r-20160125175411-clusters.dat
number of candiate clusters  in the images:  22695
file:  rb-02r-20160126182911-clusters.dat
number of candiate clusters  in the images:  17570
file:  rb-02r-20160127175258-clusters.dat
number of candiate clusters  in the images:  9840
file:  rb-02r-20160128180927-clusters.dat
number of candiate clusters  in the images:  34920
file:  rb-02r-20160129180241-clusters.dat
number of candiate clusters  in the images:  21373
file:  rb-02r-20160130174355-clusters.dat
number of candiate clusters  in the images:  54672
file:  rb-02r-20160131175727-clusters.dat
number of candiate clusters  in the images:  109413
file:  rb-02r-20160201180214-clusters.dat
number of candiate clusters  in the images:  76366
file:  rb-02r-20160202175058-clusters.dat
number of candiate clusters  in the images:  119754
file:  rb-02r-20160203180051-clusters.dat
number of candiate clusters  in the images:  122594
file:  rb-02r-20160204175801-clusters.dat
number of candiate clusters  in the images:  105594
file:  rb-02r-20160205175025-clusters.dat
